<?xml version="1.0" encoding="UTF-8"?>
<!-- Generated by org.testng.reporters.JUnitReportReporter -->
<testsuite hostname="retina.dellroad.org" name="org.dellroad.hl7.HL7UtilTest" tests="12" failures="0" timestamp="10 Dec 2015 18:17:33 GMT" time="0.000" errors="0">
  <testcase name="testFind" time="0.000" classname="org.dellroad.hl7.HL7UtilTest"/>
  <testcase name="testFind" time="0.000" classname="org.dellroad.hl7.HL7UtilTest"/>
  <testcase name="testFind" time="0.000" classname="org.dellroad.hl7.HL7UtilTest"/>
  <testcase name="testFind" time="0.000" classname="org.dellroad.hl7.HL7UtilTest"/>
  <testcase name="testFind" time="0.000" classname="org.dellroad.hl7.HL7UtilTest"/>
  <testcase name="testFind" time="0.000" classname="org.dellroad.hl7.HL7UtilTest"/>
  <testcase name="testFind" time="0.000" classname="org.dellroad.hl7.HL7UtilTest"/>
  <testcase name="testFind" time="0.000" classname="org.dellroad.hl7.HL7UtilTest"/>
  <testcase name="testFind" time="0.000" classname="org.dellroad.hl7.HL7UtilTest"/>
  <testcase name="testFind" time="0.000" classname="org.dellroad.hl7.HL7UtilTest"/>
  <testcase name="testFind" time="0.000" classname="org.dellroad.hl7.HL7UtilTest"/>
  <testcase name="testFind" time="0.000" classname="org.dellroad.hl7.HL7UtilTest"/>
</testsuite> <!-- org.dellroad.hl7.HL7UtilTest -->
