<?xml version="1.0" encoding="UTF-8"?>
<!-- Generated by org.testng.reporters.JUnitReportReporter -->
<testsuite hostname="retina.dellroad.org" name="org.dellroad.hl7.io.HL7FileWriterTest" tests="1" failures="0" timestamp="10 Dec 2015 18:17:33 GMT" time="0.006" errors="0">
  <testcase name="testOutput" time="0.006" classname="org.dellroad.hl7.io.HL7FileWriterTest"/>
</testsuite> <!-- org.dellroad.hl7.io.HL7FileWriterTest -->
